<?xml version="1.0" encoding="UTF-8"?>
<coverage generated="1642008988649" clover="3.2.0">
  <project timestamp="1642008988649" name="All files">
    <metrics statements="42" coveredstatements="42" conditionals="25" coveredconditionals="19" methods="18" coveredmethods="18" elements="85" coveredelements="79" complexity="0" loc="42" ncloc="42" packages="3" files="8" classes="8"/>
    <package name="components">
      <metrics statements="34" coveredstatements="34" conditionals="24" coveredconditionals="19" methods="14" coveredmethods="14"/>
      <file name="Button.js" path="/Users/anartz/Documents/Reactjs/react-shop-ui-lib/src/lib/components/Button.js">
        <metrics statements="4" coveredstatements="4" conditionals="0" coveredconditionals="0" methods="2" coveredmethods="2"/>
        <line num="3" count="4" type="stmt"/>
        <line num="4" count="31" type="stmt"/>
        <line num="7" count="13" type="stmt"/>
        <line num="15" count="4" type="stmt"/>
      </file>
      <file name="Carousel.js" path="/Users/anartz/Documents/Reactjs/react-shop-ui-lib/src/lib/components/Carousel.js">
        <metrics statements="5" coveredstatements="5" conditionals="8" coveredconditionals="6" methods="3" coveredmethods="3"/>
        <line num="4" count="1" type="stmt"/>
        <line num="5" count="2" type="stmt"/>
        <line num="14" count="6" type="stmt"/>
        <line num="27" count="6" type="stmt"/>
        <line num="65" count="1" type="stmt"/>
      </file>
      <file name="ProductItem.js" path="/Users/anartz/Documents/Reactjs/react-shop-ui-lib/src/lib/components/ProductItem.js">
        <metrics statements="3" coveredstatements="3" conditionals="4" coveredconditionals="3" methods="1" coveredmethods="1"/>
        <line num="7" count="2" type="stmt"/>
        <line num="15" count="14" type="stmt"/>
        <line num="64" count="2" type="stmt"/>
      </file>
      <file name="ProductItemGroup.js" path="/Users/anartz/Documents/Reactjs/react-shop-ui-lib/src/lib/components/ProductItemGroup.js">
        <metrics statements="4" coveredstatements="4" conditionals="0" coveredconditionals="0" methods="2" coveredmethods="2"/>
        <line num="5" count="1" type="stmt"/>
        <line num="13" count="2" type="stmt"/>
        <line num="18" count="4" type="stmt"/>
        <line num="35" count="1" type="stmt"/>
      </file>
      <file name="QuantitySelector.js" path="/Users/anartz/Documents/Reactjs/react-shop-ui-lib/src/lib/components/QuantitySelector.js">
        <metrics statements="11" coveredstatements="11" conditionals="10" coveredconditionals="8" methods="3" coveredmethods="3"/>
        <line num="8" count="1" type="stmt"/>
        <line num="9" count="14" type="stmt"/>
        <line num="11" count="14" type="stmt"/>
        <line num="12" count="9" type="cond" truecount="4" falsecount="0"/>
        <line num="13" count="1" type="stmt"/>
        <line num="14" count="8" type="cond" truecount="3" falsecount="1"/>
        <line num="15" count="8" type="stmt"/>
        <line num="19" count="14" type="stmt"/>
        <line num="20" count="14" type="stmt"/>
        <line num="23" count="14" type="stmt"/>
        <line num="58" count="1" type="stmt"/>
      </file>
      <file name="Rating.js" path="/Users/anartz/Documents/Reactjs/react-shop-ui-lib/src/lib/components/Rating.js">
        <metrics statements="7" coveredstatements="7" conditionals="2" coveredconditionals="2" methods="3" coveredmethods="3"/>
        <line num="6" count="3" type="stmt"/>
        <line num="7" count="2" type="stmt"/>
        <line num="9" count="2" type="stmt"/>
        <line num="10" count="1" type="stmt"/>
        <line num="12" count="2" type="stmt"/>
        <line num="16" count="5" type="stmt"/>
        <line num="30" count="3" type="stmt"/>
      </file>
    </package>
    <package name="constants">
      <metrics statements="2" coveredstatements="2" conditionals="0" coveredconditionals="0" methods="0" coveredmethods="0"/>
      <file name="currencies.js" path="/Users/anartz/Documents/Reactjs/react-shop-ui-lib/src/lib/constants/currencies.js">
        <metrics statements="2" coveredstatements="2" conditionals="0" coveredconditionals="0" methods="0" coveredmethods="0"/>
        <line num="1" count="2" type="stmt"/>
        <line num="13" count="2" type="stmt"/>
      </file>
    </package>
    <package name="hooks">
      <metrics statements="6" coveredstatements="6" conditionals="1" coveredconditionals="0" methods="4" coveredmethods="4"/>
      <file name="useCounter.js" path="/Users/anartz/Documents/Reactjs/react-shop-ui-lib/src/lib/hooks/useCounter.js">
        <metrics statements="6" coveredstatements="6" conditionals="1" coveredconditionals="0" methods="4" coveredmethods="4"/>
        <line num="3" count="2" type="cond" truecount="0" falsecount="1"/>
        <line num="4" count="22" type="stmt"/>
        <line num="6" count="22" type="stmt"/>
        <line num="8" count="22" type="stmt"/>
        <line num="10" count="22" type="stmt"/>
        <line num="12" count="22" type="stmt"/>
      </file>
    </package>
  </project>
</coverage>
