<?xml version="1.0" encoding="UTF-8"?>
<coverage generated="1643791973594" clover="3.2.0">
  <project timestamp="1643791973594" name="All files">
    <metrics statements="130" coveredstatements="120" conditionals="57" coveredconditionals="48" methods="41" coveredmethods="31" elements="228" coveredelements="199" complexity="0" loc="130" ncloc="130" packages="4" files="13" classes="13"/>
    <package name="lib.components">
      <metrics statements="52" coveredstatements="42" conditionals="31" coveredconditionals="28" methods="24" coveredmethods="16"/>
      <file name="Button.js" path="/Users/anartz/Documents/Reactjs/react-shop-ui-lib/src/lib/components/Button.js">
        <metrics statements="4" coveredstatements="4" conditionals="0" coveredconditionals="0" methods="2" coveredmethods="2"/>
        <line num="3" count="5" type="stmt"/>
        <line num="4" count="31" type="stmt"/>
        <line num="7" count="13" type="stmt"/>
        <line num="15" count="5" type="stmt"/>
      </file>
      <file name="Carousel.js" path="/Users/anartz/Documents/Reactjs/react-shop-ui-lib/src/lib/components/Carousel.js">
        <metrics statements="6" coveredstatements="5" conditionals="10" coveredconditionals="10" methods="5" coveredmethods="3"/>
        <line num="4" count="1" type="cond" truecount="2" falsecount="0"/>
        <line num="5" count="2" type="stmt"/>
        <line num="14" count="6" type="stmt"/>
        <line num="27" count="6" type="stmt"/>
        <line num="33" count="0" type="stmt"/>
        <line num="66" count="1" type="stmt"/>
      </file>
      <file name="Cart.js" path="/Users/anartz/Documents/Reactjs/react-shop-ui-lib/src/lib/components/Cart.js">
        <metrics statements="8" coveredstatements="6" conditionals="4" coveredconditionals="4" methods="4" coveredmethods="2"/>
        <line num="7" count="1" type="stmt"/>
        <line num="15" count="4" type="stmt"/>
        <line num="17" count="4" type="stmt"/>
        <line num="19" count="4" type="stmt"/>
        <line num="42" count="12" type="stmt"/>
        <line num="68" count="0" type="stmt"/>
        <line num="89" count="0" type="stmt"/>
        <line num="96" count="1" type="stmt"/>
      </file>
      <file name="CartItem.js" path="/Users/anartz/Documents/Reactjs/react-shop-ui-lib/src/lib/components/CartItem.js">
        <metrics statements="9" coveredstatements="2" conditionals="0" coveredconditionals="0" methods="4" coveredmethods="0"/>
        <line num="5" count="1" type="stmt"/>
        <line num="12" count="0" type="stmt"/>
        <line num="13" count="0" type="stmt"/>
        <line num="16" count="0" type="stmt"/>
        <line num="36" count="0" type="stmt"/>
        <line num="37" count="0" type="stmt"/>
        <line num="38" count="0" type="stmt"/>
        <line num="49" count="0" type="stmt"/>
        <line num="60" count="1" type="stmt"/>
      </file>
      <file name="ProductItem.js" path="/Users/anartz/Documents/Reactjs/react-shop-ui-lib/src/lib/components/ProductItem.js">
        <metrics statements="3" coveredstatements="3" conditionals="4" coveredconditionals="3" methods="1" coveredmethods="1"/>
        <line num="7" count="2" type="stmt"/>
        <line num="15" count="14" type="stmt"/>
        <line num="64" count="2" type="stmt"/>
      </file>
      <file name="ProductItemGroup.js" path="/Users/anartz/Documents/Reactjs/react-shop-ui-lib/src/lib/components/ProductItemGroup.js">
        <metrics statements="4" coveredstatements="4" conditionals="0" coveredconditionals="0" methods="2" coveredmethods="2"/>
        <line num="5" count="1" type="stmt"/>
        <line num="13" count="2" type="stmt"/>
        <line num="18" count="4" type="stmt"/>
        <line num="35" count="1" type="stmt"/>
      </file>
      <file name="QuantitySelector.js" path="/Users/anartz/Documents/Reactjs/react-shop-ui-lib/src/lib/components/QuantitySelector.js">
        <metrics statements="11" coveredstatements="11" conditionals="11" coveredconditionals="9" methods="3" coveredmethods="3"/>
        <line num="8" count="2" type="cond" truecount="1" falsecount="0"/>
        <line num="9" count="14" type="stmt"/>
        <line num="11" count="14" type="stmt"/>
        <line num="12" count="9" type="cond" truecount="4" falsecount="0"/>
        <line num="13" count="1" type="stmt"/>
        <line num="14" count="8" type="cond" truecount="3" falsecount="1"/>
        <line num="15" count="8" type="stmt"/>
        <line num="19" count="14" type="stmt"/>
        <line num="20" count="14" type="stmt"/>
        <line num="23" count="14" type="stmt"/>
        <line num="58" count="2" type="stmt"/>
      </file>
      <file name="Rating.js" path="/Users/anartz/Documents/Reactjs/react-shop-ui-lib/src/lib/components/Rating.js">
        <metrics statements="7" coveredstatements="7" conditionals="2" coveredconditionals="2" methods="3" coveredmethods="3"/>
        <line num="6" count="3" type="stmt"/>
        <line num="7" count="2" type="stmt"/>
        <line num="9" count="2" type="stmt"/>
        <line num="10" count="1" type="stmt"/>
        <line num="12" count="2" type="stmt"/>
        <line num="16" count="5" type="stmt"/>
        <line num="30" count="3" type="stmt"/>
      </file>
    </package>
    <package name="lib.constants">
      <metrics statements="4" coveredstatements="4" conditionals="0" coveredconditionals="0" methods="0" coveredmethods="0"/>
      <file name="currencies.js" path="/Users/anartz/Documents/Reactjs/react-shop-ui-lib/src/lib/constants/currencies.js">
        <metrics statements="2" coveredstatements="2" conditionals="0" coveredconditionals="0" methods="0" coveredmethods="0"/>
        <line num="1" count="3" type="stmt"/>
        <line num="13" count="3" type="stmt"/>
      </file>
      <file name="shopping-cart.js" path="/Users/anartz/Documents/Reactjs/react-shop-ui-lib/src/lib/constants/shopping-cart.js">
        <metrics statements="2" coveredstatements="2" conditionals="0" coveredconditionals="0" methods="0" coveredmethods="0"/>
        <line num="1" count="2" type="stmt"/>
        <line num="24" count="2" type="stmt"/>
      </file>
    </package>
    <package name="lib.hooks">
      <metrics statements="70" coveredstatements="70" conditionals="26" coveredconditionals="20" methods="17" coveredmethods="15"/>
      <file name="useCart.js" path="/Users/anartz/Documents/Reactjs/react-shop-ui-lib/src/lib/hooks/useCart.js">
        <metrics statements="64" coveredstatements="64" conditionals="25" coveredconditionals="20" methods="13" coveredmethods="11"/>
        <line num="4" count="2" type="stmt"/>
        <line num="5" count="43" type="stmt"/>
        <line num="8" count="43" type="stmt"/>
        <line num="11" count="43" type="cond" truecount="1" falsecount="1"/>
        <line num="12" count="43" type="cond" truecount="2" falsecount="0"/>
        <line num="14" count="43" type="stmt"/>
        <line num="15" count="25" type="cond" truecount="1" falsecount="1"/>
        <line num="16" count="25" type="stmt"/>
        <line num="17" count="25" type="stmt"/>
        <line num="18" count="221" type="stmt"/>
        <line num="20" count="25" type="stmt"/>
        <line num="24" count="43" type="stmt"/>
        <line num="25" count="43" type="stmt"/>
        <line num="26" count="13" type="stmt"/>
        <line num="27" count="90" type="stmt"/>
        <line num="29" count="13" type="stmt"/>
        <line num="30" count="13" type="cond" truecount="2" falsecount="0"/>
        <line num="31" count="1" type="stmt"/>
        <line num="32" count="1" type="stmt"/>
        <line num="34" count="12" type="stmt"/>
        <line num="35" count="12" type="stmt"/>
        <line num="38" count="43" type="stmt"/>
        <line num="39" count="12" type="cond" truecount="3" falsecount="1"/>
        <line num="41" count="12" type="stmt"/>
        <line num="42" count="78" type="stmt"/>
        <line num="44" count="12" type="stmt"/>
        <line num="45" count="12" type="stmt"/>
        <line num="47" count="12" type="stmt"/>
        <line num="48" count="12" type="stmt"/>
        <line num="52" count="43" type="stmt"/>
        <line num="54" count="4" type="stmt"/>
        <line num="55" count="4" type="stmt"/>
        <line num="56" count="4" type="stmt"/>
        <line num="58" count="4" type="cond" truecount="2" falsecount="0"/>
        <line num="59" count="1" type="stmt"/>
        <line num="60" count="1" type="stmt"/>
        <line num="62" count="3" type="stmt"/>
        <line num="63" count="3" type="stmt"/>
        <line num="65" count="14" type="cond" truecount="2" falsecount="0"/>
        <line num="66" count="2" type="stmt"/>
        <line num="67" count="2" type="cond" truecount="2" falsecount="0"/>
        <line num="68" count="1" type="stmt"/>
        <line num="70" count="1" type="stmt"/>
        <line num="72" count="1" type="stmt"/>
        <line num="74" count="2" type="stmt"/>
        <line num="75" count="2" type="stmt"/>
        <line num="79" count="3" type="stmt"/>
        <line num="80" count="3" type="cond" truecount="2" falsecount="0"/>
        <line num="81" count="1" type="stmt"/>
        <line num="84" count="4" type="stmt"/>
        <line num="87" count="43" type="cond" truecount="0" falsecount="1"/>
        <line num="88" count="1" type="stmt"/>
        <line num="89" count="1" type="stmt"/>
        <line num="90" count="1" type="stmt"/>
        <line num="91" count="1" type="stmt"/>
        <line num="94" count="43" type="stmt"/>
        <line num="95" count="1" type="stmt"/>
        <line num="96" count="1" type="stmt"/>
        <line num="99" count="43" type="stmt"/>
        <line num="100" count="6" type="stmt"/>
        <line num="101" count="6" type="cond" truecount="1" falsecount="1"/>
        <line num="102" count="6" type="stmt"/>
        <line num="103" count="6" type="stmt"/>
        <line num="106" count="43" type="stmt"/>
      </file>
      <file name="useCounter.js" path="/Users/anartz/Documents/Reactjs/react-shop-ui-lib/src/lib/hooks/useCounter.js">
        <metrics statements="6" coveredstatements="6" conditionals="1" coveredconditionals="0" methods="4" coveredmethods="4"/>
        <line num="3" count="3" type="cond" truecount="0" falsecount="1"/>
        <line num="4" count="22" type="stmt"/>
        <line num="6" count="22" type="stmt"/>
        <line num="8" count="22" type="stmt"/>
        <line num="10" count="22" type="stmt"/>
        <line num="12" count="22" type="stmt"/>
      </file>
    </package>
    <package name="tests.mocks">
      <metrics statements="4" coveredstatements="4" conditionals="0" coveredconditionals="0" methods="0" coveredmethods="0"/>
      <file name="cart-data.js" path="/Users/anartz/Documents/Reactjs/react-shop-ui-lib/src/tests/mocks/cart-data.js">
        <metrics statements="4" coveredstatements="4" conditionals="0" coveredconditionals="0" methods="0" coveredmethods="0"/>
        <line num="1" count="2" type="stmt"/>
        <line num="126" count="2" type="stmt"/>
        <line num="130" count="2" type="stmt"/>
        <line num="153" count="2" type="stmt"/>
      </file>
    </package>
  </project>
</coverage>
