{"/Users/anartz/Documents/Reactjs/react-shop-ui-lib/src/lib/components/Button.js": {"path":"/Users/anartz/Documents/Reactjs/react-shop-ui-lib/src/lib/components/Button.js","statementMap":{"0":{"start":{"line":3,"column":15},"end":{"line":11,"column":1}},"1":{"start":{"line":4,"column":2},"end":{"line":10,"column":11}},"2":{"start":{"line":7,"column":19},"end":{"line":7,"column":39}},"3":{"start":{"line":15,"column":0},"end":{"line":17,"column":2}}},"fnMap":{"0":{"name":"(anonymous_0)","decl":{"start":{"line":3,"column":15},"end":{"line":3,"column":16}},"loc":{"start":{"line":4,"column":2},"end":{"line":10,"column":11}},"line":4},"1":{"name":"(anonymous_1)","decl":{"start":{"line":7,"column":13},"end":{"line":7,"column":14}},"loc":{"start":{"line":7,"column":19},"end":{"line":7,"column":39}},"line":7}},"branchMap":{},"s":{"0":5,"1":31,"2":13,"3":5},"f":{"0":31,"1":13},"b":{},"_coverageSchema":"1a1c01bbd47fc00a2c39e90264f33305004495a9","hash":"d86df983141a60242721e2d79b70fa31950a40dd"}
,"/Users/anartz/Documents/Reactjs/react-shop-ui-lib/src/lib/components/Carousel.js": {"path":"/Users/anartz/Documents/Reactjs/react-shop-ui-lib/src/lib/components/Carousel.js","statementMap":{"0":{"start":{"line":4,"column":17},"end":{"line":62,"column":1}},"1":{"start":{"line":4,"column":75},"end":{"line":4,"column":97}},"2":{"start":{"line":5,"column":2},"end":{"line":61,"column":11}},"3":{"start":{"line":14,"column":10},"end":{"line":22,"column":20}},"4":{"start":{"line":27,"column":10},"end":{"line":39,"column":16}},"5":{"start":{"line":33,"column":27},"end":{"line":33,"column":52}},"6":{"start":{"line":66,"column":0},"end":{"line":69,"column":2}}},"fnMap":{"0":{"name":"(anonymous_0)","decl":{"start":{"line":4,"column":17},"end":{"line":4,"column":18}},"loc":{"start":{"line":5,"column":2},"end":{"line":61,"column":11}},"line":5},"1":{"name":"(anonymous_1)","decl":{"start":{"line":4,"column":69},"end":{"line":4,"column":70}},"loc":{"start":{"line":4,"column":75},"end":{"line":4,"column":97}},"line":4},"2":{"name":"(anonymous_2)","decl":{"start":{"line":13,"column":22},"end":{"line":13,"column":23}},"loc":{"start":{"line":14,"column":10},"end":{"line":22,"column":20}},"line":14},"3":{"name":"(anonymous_3)","decl":{"start":{"line":26,"column":22},"end":{"line":26,"column":23}},"loc":{"start":{"line":27,"column":10},"end":{"line":39,"column":16}},"line":27},"4":{"name":"(anonymous_4)","decl":{"start":{"line":33,"column":21},"end":{"line":33,"column":22}},"loc":{"start":{"line":33,"column":27},"end":{"line":33,"column":52}},"line":33}},"branchMap":{"0":{"loc":{"start":{"line":4,"column":30},"end":{"line":4,"column":49}},"type":"default-arg","locations":[{"start":{"line":4,"column":48},"end":{"line":4,"column":49}}],"line":4},"1":{"loc":{"start":{"line":4,"column":51},"end":{"line":4,"column":97}},"type":"default-arg","locations":[{"start":{"line":4,"column":69},"end":{"line":4,"column":97}}],"line":4},"2":{"loc":{"start":{"line":15,"column":17},"end":{"line":15,"column":42}},"type":"cond-expr","locations":[{"start":{"line":15,"column":27},"end":{"line":15,"column":34}},{"start":{"line":15,"column":37},"end":{"line":15,"column":42}}],"line":15},"3":{"loc":{"start":{"line":19,"column":23},"end":{"line":19,"column":50}},"type":"cond-expr","locations":[{"start":{"line":19,"column":37},"end":{"line":19,"column":45}},{"start":{"line":19,"column":48},"end":{"line":19,"column":50}}],"line":19},"4":{"loc":{"start":{"line":28,"column":17},"end":{"line":28,"column":42}},"type":"cond-expr","locations":[{"start":{"line":28,"column":27},"end":{"line":28,"column":34}},{"start":{"line":28,"column":37},"end":{"line":28,"column":42}}],"line":28},"5":{"loc":{"start":{"line":29,"column":23},"end":{"line":29,"column":77}},"type":"cond-expr","locations":[{"start":{"line":29,"column":37},"end":{"line":29,"column":59}},{"start":{"line":29,"column":62},"end":{"line":29,"column":77}}],"line":29}},"s":{"0":1,"1":0,"2":2,"3":6,"4":6,"5":0,"6":1},"f":{"0":2,"1":0,"2":6,"3":6,"4":0},"b":{"0":[2],"1":[2],"2":[4,2],"3":[2,4],"4":[4,2],"5":[2,4]},"_coverageSchema":"1a1c01bbd47fc00a2c39e90264f33305004495a9","hash":"3af96498fce97b0c6e0a752be99cbfc58c9d7a47"}
,"/Users/anartz/Documents/Reactjs/react-shop-ui-lib/src/lib/components/Cart.js": {"path":"/Users/anartz/Documents/Reactjs/react-shop-ui-lib/src/lib/components/Cart.js","statementMap":{"0":{"start":{"line":7,"column":20},"end":{"line":94,"column":1}},"1":{"start":{"line":15,"column":6},"end":{"line":15,"column":15}},"2":{"start":{"line":17,"column":22},"end":{"line":17,"column":50}},"3":{"start":{"line":19,"column":2},"end":{"line":93,"column":4}},"4":{"start":{"line":42,"column":18},"end":{"line":49,"column":20}},"5":{"start":{"line":68,"column":31},"end":{"line":68,"column":45}},"6":{"start":{"line":89,"column":33},"end":{"line":89,"column":45}},"7":{"start":{"line":96,"column":0},"end":{"line":98,"column":2}}},"fnMap":{"0":{"name":"(anonymous_0)","decl":{"start":{"line":7,"column":20},"end":{"line":7,"column":21}},"loc":{"start":{"line":7,"column":40},"end":{"line":94,"column":1}},"line":7},"1":{"name":"(anonymous_1)","decl":{"start":{"line":41,"column":39},"end":{"line":41,"column":40}},"loc":{"start":{"line":42,"column":18},"end":{"line":49,"column":20}},"line":42},"2":{"name":"(anonymous_2)","decl":{"start":{"line":68,"column":25},"end":{"line":68,"column":26}},"loc":{"start":{"line":68,"column":31},"end":{"line":68,"column":45}},"line":68},"3":{"name":"(anonymous_3)","decl":{"start":{"line":89,"column":27},"end":{"line":89,"column":28}},"loc":{"start":{"line":89,"column":33},"end":{"line":89,"column":45}},"line":89}},"branchMap":{"0":{"loc":{"start":{"line":21,"column":7},"end":{"line":91,"column":7}},"type":"cond-expr","locations":[{"start":{"line":22,"column":8},"end":{"line":82,"column":11}},{"start":{"line":84,"column":8},"end":{"line":90,"column":11}}],"line":21},"1":{"loc":{"start":{"line":21,"column":7},"end":{"line":21,"column":71}},"type":"binary-expr","locations":[{"start":{"line":21,"column":7},"end":{"line":21,"column":39}},{"start":{"line":21,"column":43},"end":{"line":21,"column":71}}],"line":21}},"s":{"0":1,"1":4,"2":4,"3":4,"4":12,"5":0,"6":0,"7":1},"f":{"0":4,"1":12,"2":0,"3":0},"b":{"0":[1,3],"1":[4,4]},"_coverageSchema":"1a1c01bbd47fc00a2c39e90264f33305004495a9","hash":"a8ef7cc6e8c68328389b184ba4056f9947d3b194"}
,"/Users/anartz/Documents/Reactjs/react-shop-ui-lib/src/lib/components/CartItem.js": {"path":"/Users/anartz/Documents/Reactjs/react-shop-ui-lib/src/lib/components/CartItem.js","statementMap":{"0":{"start":{"line":5,"column":24},"end":{"line":58,"column":1}},"1":{"start":{"line":12,"column":34},"end":{"line":12,"column":71}},"2":{"start":{"line":13,"column":2},"end":{"line":57,"column":4}},"3":{"start":{"line":16,"column":70},"end":{"line":16,"column":109}},"4":{"start":{"line":36,"column":12},"end":{"line":36,"column":45}},"5":{"start":{"line":37,"column":12},"end":{"line":37,"column":34}},"6":{"start":{"line":38,"column":12},"end":{"line":38,"column":53}},"7":{"start":{"line":49,"column":25},"end":{"line":49,"column":46}},"8":{"start":{"line":60,"column":0},"end":{"line":65,"column":2}}},"fnMap":{"0":{"name":"(anonymous_0)","decl":{"start":{"line":5,"column":24},"end":{"line":5,"column":25}},"loc":{"start":{"line":11,"column":6},"end":{"line":58,"column":1}},"line":11},"1":{"name":"(anonymous_1)","decl":{"start":{"line":16,"column":64},"end":{"line":16,"column":65}},"loc":{"start":{"line":16,"column":70},"end":{"line":16,"column":109}},"line":16},"2":{"name":"(anonymous_2)","decl":{"start":{"line":35,"column":23},"end":{"line":35,"column":24}},"loc":{"start":{"line":35,"column":36},"end":{"line":39,"column":11}},"line":35},"3":{"name":"(anonymous_3)","decl":{"start":{"line":49,"column":19},"end":{"line":49,"column":20}},"loc":{"start":{"line":49,"column":25},"end":{"line":49,"column":46}},"line":49}},"branchMap":{},"s":{"0":1,"1":0,"2":0,"3":0,"4":0,"5":0,"6":0,"7":0,"8":1},"f":{"0":0,"1":0,"2":0,"3":0},"b":{},"_coverageSchema":"1a1c01bbd47fc00a2c39e90264f33305004495a9","hash":"6559789069084e114f69bd4dfea8315de0e50b2e"}
,"/Users/anartz/Documents/Reactjs/react-shop-ui-lib/src/lib/components/ProductItem.js": {"path":"/Users/anartz/Documents/Reactjs/react-shop-ui-lib/src/lib/components/ProductItem.js","statementMap":{"0":{"start":{"line":7,"column":27},"end":{"line":62,"column":1}},"1":{"start":{"line":15,"column":2},"end":{"line":61,"column":4}},"2":{"start":{"line":64,"column":0},"end":{"line":69,"column":2}}},"fnMap":{"0":{"name":"(anonymous_0)","decl":{"start":{"line":7,"column":27},"end":{"line":7,"column":28}},"loc":{"start":{"line":13,"column":6},"end":{"line":62,"column":1}},"line":13}},"branchMap":{"0":{"loc":{"start":{"line":17,"column":7},"end":{"line":59,"column":7}},"type":"cond-expr","locations":[{"start":{"line":18,"column":8},"end":{"line":56,"column":14}},{"start":{"line":58,"column":8},"end":{"line":58,"column":10}}],"line":17},"1":{"loc":{"start":{"line":32,"column":13},"end":{"line":32,"column":84}},"type":"cond-expr","locations":[{"start":{"line":32,"column":24},"end":{"line":32,"column":75}},{"start":{"line":32,"column":78},"end":{"line":32,"column":84}}],"line":32}},"s":{"0":2,"1":14,"2":2},"f":{"0":14},"b":{"0":[14,0],"1":[5,9]},"_coverageSchema":"1a1c01bbd47fc00a2c39e90264f33305004495a9","hash":"2520e3890b57b21c6174e3f3c0bd68a3b6c12f98"}
,"/Users/anartz/Documents/Reactjs/react-shop-ui-lib/src/lib/components/ProductItemGroup.js": {"path":"/Users/anartz/Documents/Reactjs/react-shop-ui-lib/src/lib/components/ProductItemGroup.js","statementMap":{"0":{"start":{"line":5,"column":25},"end":{"line":31,"column":1}},"1":{"start":{"line":13,"column":2},"end":{"line":30,"column":5}},"2":{"start":{"line":18,"column":8},"end":{"line":26,"column":14}},"3":{"start":{"line":35,"column":0},"end":{"line":41,"column":2}}},"fnMap":{"0":{"name":"(anonymous_0)","decl":{"start":{"line":5,"column":25},"end":{"line":5,"column":26}},"loc":{"start":{"line":13,"column":2},"end":{"line":30,"column":5}},"line":13},"1":{"name":"(anonymous_1)","decl":{"start":{"line":17,"column":20},"end":{"line":17,"column":21}},"loc":{"start":{"line":18,"column":8},"end":{"line":26,"column":14}},"line":18}},"branchMap":{},"s":{"0":1,"1":2,"2":4,"3":1},"f":{"0":2,"1":4},"b":{},"_coverageSchema":"1a1c01bbd47fc00a2c39e90264f33305004495a9","hash":"e5638830d84810c287ef35af2cd192550eadce39"}
,"/Users/anartz/Documents/Reactjs/react-shop-ui-lib/src/lib/components/QuantitySelector.js": {"path":"/Users/anartz/Documents/Reactjs/react-shop-ui-lib/src/lib/components/QuantitySelector.js","statementMap":{"0":{"start":{"line":8,"column":32},"end":{"line":56,"column":1}},"1":{"start":{"line":9,"column":44},"end":{"line":9,"column":61}},"2":{"start":{"line":11,"column":22},"end":{"line":17,"column":3}},"3":{"start":{"line":12,"column":4},"end":{"line":16,"column":5}},"4":{"start":{"line":13,"column":6},"end":{"line":13,"column":18}},"5":{"start":{"line":14,"column":11},"end":{"line":16,"column":5}},"6":{"start":{"line":15,"column":6},"end":{"line":15,"column":18}},"7":{"start":{"line":19,"column":2},"end":{"line":21,"column":29}},"8":{"start":{"line":20,"column":4},"end":{"line":20,"column":25}},"9":{"start":{"line":23,"column":2},"end":{"line":55,"column":4}},"10":{"start":{"line":58,"column":0},"end":{"line":61,"column":2}}},"fnMap":{"0":{"name":"(anonymous_0)","decl":{"start":{"line":8,"column":32},"end":{"line":8,"column":33}},"loc":{"start":{"line":8,"column":71},"end":{"line":56,"column":1}},"line":8},"1":{"name":"(anonymous_1)","decl":{"start":{"line":11,"column":22},"end":{"line":11,"column":23}},"loc":{"start":{"line":11,"column":34},"end":{"line":17,"column":3}},"line":11},"2":{"name":"(anonymous_2)","decl":{"start":{"line":19,"column":12},"end":{"line":19,"column":13}},"loc":{"start":{"line":19,"column":18},"end":{"line":21,"column":3}},"line":19}},"branchMap":{"0":{"loc":{"start":{"line":8,"column":55},"end":{"line":8,"column":64}},"type":"default-arg","locations":[{"start":{"line":8,"column":63},"end":{"line":8,"column":64}}],"line":8},"1":{"loc":{"start":{"line":12,"column":4},"end":{"line":16,"column":5}},"type":"if","locations":[{"start":{"line":12,"column":4},"end":{"line":16,"column":5}},{"start":{"line":14,"column":11},"end":{"line":16,"column":5}}],"line":12},"2":{"loc":{"start":{"line":12,"column":8},"end":{"line":12,"column":37}},"type":"binary-expr","locations":[{"start":{"line":12,"column":8},"end":{"line":12,"column":22}},{"start":{"line":12,"column":26},"end":{"line":12,"column":37}}],"line":12},"3":{"loc":{"start":{"line":14,"column":11},"end":{"line":16,"column":5}},"type":"if","locations":[{"start":{"line":14,"column":11},"end":{"line":16,"column":5}},{"start":{},"end":{}}],"line":14},"4":{"loc":{"start":{"line":14,"column":15},"end":{"line":14,"column":48}},"type":"binary-expr","locations":[{"start":{"line":14,"column":15},"end":{"line":14,"column":29}},{"start":{"line":14,"column":33},"end":{"line":14,"column":48}}],"line":14},"5":{"loc":{"start":{"line":47,"column":7},"end":{"line":53,"column":7}},"type":"cond-expr","locations":[{"start":{"line":48,"column":8},"end":{"line":50,"column":12}},{"start":{"line":52,"column":8},"end":{"line":52,"column":10}}],"line":47}},"s":{"0":2,"1":14,"2":14,"3":9,"4":1,"5":8,"6":8,"7":14,"8":14,"9":14,"10":2},"f":{"0":14,"1":9,"2":14},"b":{"0":[14],"1":[1,8],"2":[9,1],"3":[8,0],"4":[8,8],"5":[0,14]},"_coverageSchema":"1a1c01bbd47fc00a2c39e90264f33305004495a9","hash":"e055e301ec0ae1ff09cc8ae0d4394c51e270cc43"}
,"/Users/anartz/Documents/Reactjs/react-shop-ui-lib/src/lib/components/Rating.js": {"path":"/Users/anartz/Documents/Reactjs/react-shop-ui-lib/src/lib/components/Rating.js","statementMap":{"0":{"start":{"line":6,"column":22},"end":{"line":28,"column":1}},"1":{"start":{"line":7,"column":46},"end":{"line":7,"column":58}},"2":{"start":{"line":9,"column":2},"end":{"line":11,"column":24}},"3":{"start":{"line":10,"column":4},"end":{"line":10,"column":43}},"4":{"start":{"line":12,"column":2},"end":{"line":27,"column":4}},"5":{"start":{"line":16,"column":10},"end":{"line":21,"column":15}},"6":{"start":{"line":30,"column":0},"end":{"line":33,"column":2}}},"fnMap":{"0":{"name":"(anonymous_0)","decl":{"start":{"line":6,"column":22},"end":{"line":6,"column":23}},"loc":{"start":{"line":6,"column":47},"end":{"line":28,"column":1}},"line":6},"1":{"name":"(anonymous_1)","decl":{"start":{"line":9,"column":12},"end":{"line":9,"column":13}},"loc":{"start":{"line":9,"column":18},"end":{"line":11,"column":3}},"line":9},"2":{"name":"(anonymous_2)","decl":{"start":{"line":15,"column":28},"end":{"line":15,"column":29}},"loc":{"start":{"line":16,"column":10},"end":{"line":21,"column":15}},"line":16}},"branchMap":{"0":{"loc":{"start":{"line":19,"column":14},"end":{"line":19,"column":60}},"type":"cond-expr","locations":[{"start":{"line":19,"column":46},"end":{"line":19,"column":55}},{"start":{"line":19,"column":58},"end":{"line":19,"column":60}}],"line":19}},"s":{"0":3,"1":2,"2":2,"3":1,"4":2,"5":5,"6":3},"f":{"0":2,"1":1,"2":5},"b":{"0":[4,1]},"_coverageSchema":"1a1c01bbd47fc00a2c39e90264f33305004495a9","hash":"64c85d296771c140c4d75f1c4979c089e924bcce"}
,"/Users/anartz/Documents/Reactjs/react-shop-ui-lib/src/lib/constants/currencies.js": {"path":"/Users/anartz/Documents/Reactjs/react-shop-ui-lib/src/lib/constants/currencies.js","statementMap":{"0":{"start":{"line":1,"column":29},"end":{"line":11,"column":1}},"1":{"start":{"line":13,"column":33},"end":{"line":23,"column":1}}},"fnMap":{},"branchMap":{},"s":{"0":3,"1":3},"f":{},"b":{},"_coverageSchema":"1a1c01bbd47fc00a2c39e90264f33305004495a9","hash":"d7f28d038bcc984681e5d6aa42cec903301e6793"}
,"/Users/anartz/Documents/Reactjs/react-shop-ui-lib/src/lib/constants/shopping-cart.js": {"path":"/Users/anartz/Documents/Reactjs/react-shop-ui-lib/src/lib/constants/shopping-cart.js","statementMap":{"0":{"start":{"line":1,"column":17},"end":{"line":22,"column":1}},"1":{"start":{"line":24,"column":33},"end":{"line":26,"column":1}}},"fnMap":{},"branchMap":{},"s":{"0":2,"1":2},"f":{},"b":{},"_coverageSchema":"1a1c01bbd47fc00a2c39e90264f33305004495a9","hash":"670f0fca7f7696f1aa5f592795da8e8c6712d1fd"}
,"/Users/anartz/Documents/Reactjs/react-shop-ui-lib/src/lib/hooks/useCart.js": {"path":"/Users/anartz/Documents/Reactjs/react-shop-ui-lib/src/lib/hooks/useCart.js","statementMap":{"0":{"start":{"line":4,"column":23},"end":{"line":116,"column":1}},"1":{"start":{"line":5,"column":24},"end":{"line":7,"column":3}},"2":{"start":{"line":8,"column":34},"end":{"line":10,"column":3}},"3":{"start":{"line":11,"column":28},"end":{"line":11,"column":67}},"4":{"start":{"line":12,"column":28},"end":{"line":12,"column":81}},"5":{"start":{"line":14,"column":22},"end":{"line":22,"column":3}},"6":{"start":{"line":15,"column":4},"end":{"line":21,"column":5}},"7":{"start":{"line":16,"column":18},"end":{"line":16,"column":19}},"8":{"start":{"line":17,"column":6},"end":{"line":19,"column":8}},"9":{"start":{"line":18,"column":22},"end":{"line":18,"column":58}},"10":{"start":{"line":20,"column":6},"end":{"line":20,"column":22}},"11":{"start":{"line":24,"column":25},"end":{"line":24,"column":92}},"12":{"start":{"line":24,"column":33},"end":{"line":24,"column":92}},"13":{"start":{"line":24,"column":71},"end":{"line":24,"column":88}},"14":{"start":{"line":25,"column":20},"end":{"line":36,"column":3}},"15":{"start":{"line":26,"column":4},"end":{"line":28,"column":6}},"16":{"start":{"line":27,"column":17},"end":{"line":27,"column":40}},"17":{"start":{"line":29,"column":4},"end":{"line":29,"column":59}},"18":{"start":{"line":30,"column":4},"end":{"line":33,"column":5}},"19":{"start":{"line":31,"column":6},"end":{"line":31,"column":24}},"20":{"start":{"line":32,"column":6},"end":{"line":32,"column":13}},"21":{"start":{"line":34,"column":4},"end":{"line":34,"column":58}},"22":{"start":{"line":35,"column":4},"end":{"line":35,"column":18}},"23":{"start":{"line":38,"column":22},"end":{"line":50,"column":3}},"24":{"start":{"line":39,"column":4},"end":{"line":49,"column":5}},"25":{"start":{"line":41,"column":8},"end":{"line":43,"column":9}},"26":{"start":{"line":42,"column":46},"end":{"line":42,"column":65}},"27":{"start":{"line":44,"column":6},"end":{"line":44,"column":32}},"28":{"start":{"line":45,"column":6},"end":{"line":45,"column":34}},"29":{"start":{"line":47,"column":6},"end":{"line":47,"column":61}},"30":{"start":{"line":48,"column":6},"end":{"line":48,"column":20}},"31":{"start":{"line":52,"column":24},"end":{"line":85,"column":3}},"32":{"start":{"line":54,"column":24},"end":{"line":54,"column":32}},"33":{"start":{"line":55,"column":25},"end":{"line":55,"column":52}},"34":{"start":{"line":56,"column":4},"end":{"line":56,"column":24}},"35":{"start":{"line":58,"column":4},"end":{"line":83,"column":5}},"36":{"start":{"line":59,"column":6},"end":{"line":59,"column":47}},"37":{"start":{"line":60,"column":6},"end":{"line":60,"column":41}},"38":{"start":{"line":62,"column":27},"end":{"line":62,"column":32}},"39":{"start":{"line":63,"column":6},"end":{"line":78,"column":7}},"40":{"start":{"line":63,"column":19},"end":{"line":63,"column":20}},"41":{"start":{"line":65,"column":8},"end":{"line":77,"column":9}},"42":{"start":{"line":66,"column":10},"end":{"line":66,"column":66}},"43":{"start":{"line":67,"column":10},"end":{"line":73,"column":11}},"44":{"start":{"line":68,"column":12},"end":{"line":68,"column":52}},"45":{"start":{"line":70,"column":12},"end":{"line":70,"column":46}},"46":{"start":{"line":72,"column":12},"end":{"line":72,"column":46}},"47":{"start":{"line":74,"column":10},"end":{"line":74,"column":32}},"48":{"start":{"line":75,"column":10},"end":{"line":75,"column":27}},"49":{"start":{"line":79,"column":6},"end":{"line":79,"column":47}},"50":{"start":{"line":80,"column":6},"end":{"line":82,"column":7}},"51":{"start":{"line":81,"column":8},"end":{"line":81,"column":43}},"52":{"start":{"line":84,"column":4},"end":{"line":84,"column":25}},"53":{"start":{"line":87,"column":21},"end":{"line":92,"column":3}},"54":{"start":{"line":88,"column":4},"end":{"line":88,"column":60}},"55":{"start":{"line":89,"column":4},"end":{"line":89,"column":58}},"56":{"start":{"line":90,"column":4},"end":{"line":90,"column":20}},"57":{"start":{"line":91,"column":4},"end":{"line":91,"column":18}},"58":{"start":{"line":94,"column":16},"end":{"line":97,"column":3}},"59":{"start":{"line":95,"column":4},"end":{"line":95,"column":27}},"60":{"start":{"line":96,"column":4},"end":{"line":96,"column":45}},"61":{"start":{"line":99,"column":18},"end":{"line":104,"column":3}},"62":{"start":{"line":100,"column":4},"end":{"line":100,"column":59}},"63":{"start":{"line":101,"column":4},"end":{"line":101,"column":57}},"64":{"start":{"line":102,"column":4},"end":{"line":102,"column":37}},"65":{"start":{"line":103,"column":4},"end":{"line":103,"column":25}},"66":{"start":{"line":106,"column":2},"end":{"line":115,"column":4}}},"fnMap":{"0":{"name":"(anonymous_0)","decl":{"start":{"line":4,"column":23},"end":{"line":4,"column":24}},"loc":{"start":{"line":4,"column":29},"end":{"line":116,"column":1}},"line":4},"1":{"name":"(anonymous_1)","decl":{"start":{"line":14,"column":22},"end":{"line":14,"column":23}},"loc":{"start":{"line":14,"column":28},"end":{"line":22,"column":3}},"line":14},"2":{"name":"(anonymous_2)","decl":{"start":{"line":18,"column":8},"end":{"line":18,"column":9}},"loc":{"start":{"line":18,"column":22},"end":{"line":18,"column":58}},"line":18},"3":{"name":"(anonymous_3)","decl":{"start":{"line":24,"column":25},"end":{"line":24,"column":26}},"loc":{"start":{"line":24,"column":33},"end":{"line":24,"column":92}},"line":24},"4":{"name":"(anonymous_4)","decl":{"start":{"line":24,"column":58},"end":{"line":24,"column":59}},"loc":{"start":{"line":24,"column":71},"end":{"line":24,"column":88}},"line":24},"5":{"name":"(anonymous_5)","decl":{"start":{"line":25,"column":20},"end":{"line":25,"column":21}},"loc":{"start":{"line":25,"column":36},"end":{"line":36,"column":3}},"line":25},"6":{"name":"(anonymous_6)","decl":{"start":{"line":27,"column":6},"end":{"line":27,"column":7}},"loc":{"start":{"line":27,"column":17},"end":{"line":27,"column":40}},"line":27},"7":{"name":"(anonymous_7)","decl":{"start":{"line":38,"column":22},"end":{"line":38,"column":23}},"loc":{"start":{"line":38,"column":46},"end":{"line":50,"column":3}},"line":38},"8":{"name":"(anonymous_8)","decl":{"start":{"line":42,"column":38},"end":{"line":42,"column":39}},"loc":{"start":{"line":42,"column":46},"end":{"line":42,"column":65}},"line":42},"9":{"name":"(anonymous_9)","decl":{"start":{"line":52,"column":24},"end":{"line":52,"column":25}},"loc":{"start":{"line":52,"column":37},"end":{"line":85,"column":3}},"line":52},"10":{"name":"(anonymous_10)","decl":{"start":{"line":87,"column":21},"end":{"line":87,"column":22}},"loc":{"start":{"line":87,"column":56},"end":{"line":92,"column":3}},"line":87},"11":{"name":"(anonymous_11)","decl":{"start":{"line":94,"column":16},"end":{"line":94,"column":17}},"loc":{"start":{"line":94,"column":22},"end":{"line":97,"column":3}},"line":94},"12":{"name":"(anonymous_12)","decl":{"start":{"line":99,"column":18},"end":{"line":99,"column":19}},"loc":{"start":{"line":99,"column":32},"end":{"line":104,"column":3}},"line":99}},"branchMap":{"0":{"loc":{"start":{"line":9,"column":4},"end":{"line":9,"column":91}},"type":"cond-expr","locations":[{"start":{"line":9,"column":35},"end":{"line":9,"column":75}},{"start":{"line":9,"column":78},"end":{"line":9,"column":91}}],"line":9},"1":{"loc":{"start":{"line":11,"column":37},"end":{"line":11,"column":66}},"type":"cond-expr","locations":[{"start":{"line":11,"column":48},"end":{"line":11,"column":62}},{"start":{"line":11,"column":65},"end":{"line":11,"column":66}}],"line":11},"2":{"loc":{"start":{"line":12,"column":37},"end":{"line":12,"column":80}},"type":"cond-expr","locations":[{"start":{"line":12,"column":68},"end":{"line":12,"column":73}},{"start":{"line":12,"column":76},"end":{"line":12,"column":80}}],"line":12},"3":{"loc":{"start":{"line":15,"column":4},"end":{"line":21,"column":5}},"type":"if","locations":[{"start":{"line":15,"column":4},"end":{"line":21,"column":5}},{"start":{},"end":{}}],"line":15},"4":{"loc":{"start":{"line":30,"column":4},"end":{"line":33,"column":5}},"type":"if","locations":[{"start":{"line":30,"column":4},"end":{"line":33,"column":5}},{"start":{},"end":{}}],"line":30},"5":{"loc":{"start":{"line":39,"column":4},"end":{"line":49,"column":5}},"type":"if","locations":[{"start":{"line":39,"column":4},"end":{"line":49,"column":5}},{"start":{},"end":{}}],"line":39},"6":{"loc":{"start":{"line":39,"column":8},"end":{"line":39,"column":72}},"type":"binary-expr","locations":[{"start":{"line":39,"column":8},"end":{"line":39,"column":40}},{"start":{"line":39,"column":44},"end":{"line":39,"column":72}}],"line":39},"7":{"loc":{"start":{"line":58,"column":4},"end":{"line":83,"column":5}},"type":"if","locations":[{"start":{"line":58,"column":4},"end":{"line":83,"column":5}},{"start":{"line":61,"column":11},"end":{"line":83,"column":5}}],"line":58},"8":{"loc":{"start":{"line":65,"column":8},"end":{"line":77,"column":9}},"type":"if","locations":[{"start":{"line":65,"column":8},"end":{"line":77,"column":9}},{"start":{},"end":{}}],"line":65},"9":{"loc":{"start":{"line":67,"column":10},"end":{"line":73,"column":11}},"type":"if","locations":[{"start":{"line":67,"column":10},"end":{"line":73,"column":11}},{"start":{"line":71,"column":17},"end":{"line":73,"column":11}}],"line":67},"10":{"loc":{"start":{"line":80,"column":6},"end":{"line":82,"column":7}},"type":"if","locations":[{"start":{"line":80,"column":6},"end":{"line":82,"column":7}},{"start":{},"end":{}}],"line":80},"11":{"loc":{"start":{"line":87,"column":22},"end":{"line":87,"column":51}},"type":"default-arg","locations":[{"start":{"line":87,"column":34},"end":{"line":87,"column":51}}],"line":87},"12":{"loc":{"start":{"line":101,"column":13},"end":{"line":101,"column":55}},"type":"cond-expr","locations":[{"start":{"line":101,"column":38},"end":{"line":101,"column":39}},{"start":{"line":101,"column":41},"end":{"line":101,"column":55}}],"line":101}},"s":{"0":2,"1":43,"2":43,"3":43,"4":43,"5":43,"6":25,"7":25,"8":25,"9":221,"10":25,"11":43,"12":0,"13":0,"14":43,"15":13,"16":90,"17":13,"18":13,"19":1,"20":1,"21":12,"22":12,"23":43,"24":12,"25":12,"26":78,"27":12,"28":12,"29":12,"30":12,"31":43,"32":4,"33":4,"34":4,"35":4,"36":1,"37":1,"38":3,"39":3,"40":3,"41":14,"42":2,"43":2,"44":1,"45":1,"46":1,"47":2,"48":2,"49":3,"50":3,"51":1,"52":4,"53":43,"54":1,"55":1,"56":1,"57":1,"58":43,"59":1,"60":1,"61":43,"62":6,"63":6,"64":6,"65":6,"66":43},"f":{"0":43,"1":25,"2":221,"3":0,"4":0,"5":13,"6":90,"7":12,"8":78,"9":4,"10":1,"11":1,"12":6},"b":{"0":[39,4],"1":[43,0],"2":[39,4],"3":[25,0],"4":[1,12],"5":[12,0],"6":[12,12],"7":[1,3],"8":[2,12],"9":[1,1],"10":[1,2],"11":[0],"12":[0,6]},"_coverageSchema":"1a1c01bbd47fc00a2c39e90264f33305004495a9","hash":"dc1a66f1f9b25ee06e05a0ed40ad3da822d7a3f2"}
,"/Users/anartz/Documents/Reactjs/react-shop-ui-lib/src/lib/hooks/useCounter.js": {"path":"/Users/anartz/Documents/Reactjs/react-shop-ui-lib/src/lib/hooks/useCounter.js","statementMap":{"0":{"start":{"line":3,"column":26},"end":{"line":18,"column":1}},"1":{"start":{"line":4,"column":32},"end":{"line":4,"column":54}},"2":{"start":{"line":6,"column":20},"end":{"line":6,"column":49}},"3":{"start":{"line":6,"column":26},"end":{"line":6,"column":49}},"4":{"start":{"line":8,"column":20},"end":{"line":8,"column":49}},"5":{"start":{"line":8,"column":26},"end":{"line":8,"column":49}},"6":{"start":{"line":10,"column":16},"end":{"line":10,"column":46}},"7":{"start":{"line":10,"column":22},"end":{"line":10,"column":46}},"8":{"start":{"line":12,"column":2},"end":{"line":17,"column":4}}},"fnMap":{"0":{"name":"(anonymous_0)","decl":{"start":{"line":3,"column":26},"end":{"line":3,"column":27}},"loc":{"start":{"line":3,"column":49},"end":{"line":18,"column":1}},"line":3},"1":{"name":"(anonymous_1)","decl":{"start":{"line":6,"column":20},"end":{"line":6,"column":21}},"loc":{"start":{"line":6,"column":26},"end":{"line":6,"column":49}},"line":6},"2":{"name":"(anonymous_2)","decl":{"start":{"line":8,"column":20},"end":{"line":8,"column":21}},"loc":{"start":{"line":8,"column":26},"end":{"line":8,"column":49}},"line":8},"3":{"name":"(anonymous_3)","decl":{"start":{"line":10,"column":16},"end":{"line":10,"column":17}},"loc":{"start":{"line":10,"column":22},"end":{"line":10,"column":46}},"line":10}},"branchMap":{"0":{"loc":{"start":{"line":3,"column":27},"end":{"line":3,"column":44}},"type":"default-arg","locations":[{"start":{"line":3,"column":42},"end":{"line":3,"column":44}}],"line":3}},"s":{"0":3,"1":22,"2":22,"3":10,"4":22,"5":2,"6":22,"7":1,"8":22},"f":{"0":22,"1":10,"2":2,"3":1},"b":{"0":[0]},"_coverageSchema":"1a1c01bbd47fc00a2c39e90264f33305004495a9","hash":"9b66ffce13ce4844266b39a12fc3dfdccf7985da"}
,"/Users/anartz/Documents/Reactjs/react-shop-ui-lib/src/tests/mocks/cart-data.js": {"path":"/Users/anartz/Documents/Reactjs/react-shop-ui-lib/src/tests/mocks/cart-data.js","statementMap":{"0":{"start":{"line":1,"column":25},"end":{"line":124,"column":1}},"1":{"start":{"line":126,"column":31},"end":{"line":128,"column":1}},"2":{"start":{"line":130,"column":17},"end":{"line":151,"column":1}},"3":{"start":{"line":153,"column":33},"end":{"line":155,"column":1}}},"fnMap":{},"branchMap":{},"s":{"0":2,"1":2,"2":2,"3":2},"f":{},"b":{},"_coverageSchema":"1a1c01bbd47fc00a2c39e90264f33305004495a9","hash":"5f29a65a10d332e8e2b4c502faf6299b2c6c9412"}
}
