{"/Users/anartz/Documents/Reactjs/react-shop-ui-lib/src/lib/components/Button.js": {"path":"/Users/anartz/Documents/Reactjs/react-shop-ui-lib/src/lib/components/Button.js","statementMap":{"0":{"start":{"line":3,"column":15},"end":{"line":11,"column":1}},"1":{"start":{"line":4,"column":2},"end":{"line":10,"column":11}},"2":{"start":{"line":7,"column":19},"end":{"line":7,"column":39}},"3":{"start":{"line":15,"column":0},"end":{"line":18,"column":2}}},"fnMap":{"0":{"name":"(anonymous_0)","decl":{"start":{"line":3,"column":15},"end":{"line":3,"column":16}},"loc":{"start":{"line":4,"column":2},"end":{"line":10,"column":11}},"line":4},"1":{"name":"(anonymous_1)","decl":{"start":{"line":7,"column":13},"end":{"line":7,"column":14}},"loc":{"start":{"line":7,"column":19},"end":{"line":7,"column":39}},"line":7}},"branchMap":{},"s":{"0":4,"1":31,"2":13,"3":4},"f":{"0":31,"1":13},"b":{},"_coverageSchema":"1a1c01bbd47fc00a2c39e90264f33305004495a9","hash":"bd805e81850fb0b704e430963b2f69dad8e08828"}
,"/Users/anartz/Documents/Reactjs/react-shop-ui-lib/src/lib/components/Carousel.js": {"path":"/Users/anartz/Documents/Reactjs/react-shop-ui-lib/src/lib/components/Carousel.js","statementMap":{"0":{"start":{"line":4,"column":17},"end":{"line":61,"column":1}},"1":{"start":{"line":5,"column":2},"end":{"line":60,"column":11}},"2":{"start":{"line":14,"column":10},"end":{"line":22,"column":20}},"3":{"start":{"line":27,"column":10},"end":{"line":38,"column":16}},"4":{"start":{"line":65,"column":0},"end":{"line":67,"column":2}}},"fnMap":{"0":{"name":"(anonymous_0)","decl":{"start":{"line":4,"column":17},"end":{"line":4,"column":18}},"loc":{"start":{"line":5,"column":2},"end":{"line":60,"column":11}},"line":5},"1":{"name":"(anonymous_1)","decl":{"start":{"line":13,"column":22},"end":{"line":13,"column":23}},"loc":{"start":{"line":14,"column":10},"end":{"line":22,"column":20}},"line":14},"2":{"name":"(anonymous_2)","decl":{"start":{"line":26,"column":22},"end":{"line":26,"column":23}},"loc":{"start":{"line":27,"column":10},"end":{"line":38,"column":16}},"line":27}},"branchMap":{"0":{"loc":{"start":{"line":15,"column":17},"end":{"line":15,"column":42}},"type":"cond-expr","locations":[{"start":{"line":15,"column":27},"end":{"line":15,"column":34}},{"start":{"line":15,"column":37},"end":{"line":15,"column":42}}],"line":15},"1":{"loc":{"start":{"line":19,"column":23},"end":{"line":19,"column":50}},"type":"cond-expr","locations":[{"start":{"line":19,"column":37},"end":{"line":19,"column":45}},{"start":{"line":19,"column":48},"end":{"line":19,"column":50}}],"line":19},"2":{"loc":{"start":{"line":28,"column":17},"end":{"line":28,"column":42}},"type":"cond-expr","locations":[{"start":{"line":28,"column":27},"end":{"line":28,"column":34}},{"start":{"line":28,"column":37},"end":{"line":28,"column":42}}],"line":28},"3":{"loc":{"start":{"line":29,"column":23},"end":{"line":29,"column":77}},"type":"cond-expr","locations":[{"start":{"line":29,"column":37},"end":{"line":29,"column":59}},{"start":{"line":29,"column":62},"end":{"line":29,"column":77}}],"line":29}},"s":{"0":1,"1":2,"2":6,"3":6,"4":1},"f":{"0":2,"1":6,"2":6},"b":{"0":[4,2],"1":[2,4],"2":[4,2],"3":[2,4]},"_coverageSchema":"1a1c01bbd47fc00a2c39e90264f33305004495a9","hash":"b5103f114cd34104b6111e62f03ff989bc4f62ea"}
,"/Users/anartz/Documents/Reactjs/react-shop-ui-lib/src/lib/components/ProductItem.js": {"path":"/Users/anartz/Documents/Reactjs/react-shop-ui-lib/src/lib/components/ProductItem.js","statementMap":{"0":{"start":{"line":7,"column":27},"end":{"line":62,"column":1}},"1":{"start":{"line":15,"column":2},"end":{"line":61,"column":4}},"2":{"start":{"line":64,"column":0},"end":{"line":69,"column":2}}},"fnMap":{"0":{"name":"(anonymous_0)","decl":{"start":{"line":7,"column":27},"end":{"line":7,"column":28}},"loc":{"start":{"line":13,"column":6},"end":{"line":62,"column":1}},"line":13}},"branchMap":{"0":{"loc":{"start":{"line":31,"column":11},"end":{"line":35,"column":11}},"type":"cond-expr","locations":[{"start":{"line":32,"column":12},"end":{"line":32,"column":63}},{"start":{"line":34,"column":12},"end":{"line":34,"column":18}}],"line":31}},"s":{"0":2,"1":14,"2":2},"f":{"0":14},"b":{"0":[5,9]},"_coverageSchema":"1a1c01bbd47fc00a2c39e90264f33305004495a9","hash":"ed9976f65b2a6fe757b3202cd213160ebb3ca493"}
,"/Users/anartz/Documents/Reactjs/react-shop-ui-lib/src/lib/components/ProductItemGroup.js": {"path":"/Users/anartz/Documents/Reactjs/react-shop-ui-lib/src/lib/components/ProductItemGroup.js","statementMap":{"0":{"start":{"line":5,"column":25},"end":{"line":31,"column":1}},"1":{"start":{"line":13,"column":2},"end":{"line":30,"column":5}},"2":{"start":{"line":18,"column":8},"end":{"line":26,"column":14}},"3":{"start":{"line":35,"column":0},"end":{"line":41,"column":2}}},"fnMap":{"0":{"name":"(anonymous_0)","decl":{"start":{"line":5,"column":25},"end":{"line":5,"column":26}},"loc":{"start":{"line":13,"column":2},"end":{"line":30,"column":5}},"line":13},"1":{"name":"(anonymous_1)","decl":{"start":{"line":17,"column":20},"end":{"line":17,"column":21}},"loc":{"start":{"line":18,"column":8},"end":{"line":26,"column":14}},"line":18}},"branchMap":{},"s":{"0":1,"1":2,"2":4,"3":1},"f":{"0":2,"1":4},"b":{},"_coverageSchema":"1a1c01bbd47fc00a2c39e90264f33305004495a9","hash":"e5638830d84810c287ef35af2cd192550eadce39"}
,"/Users/anartz/Documents/Reactjs/react-shop-ui-lib/src/lib/components/QuantitySelector.js": {"path":"/Users/anartz/Documents/Reactjs/react-shop-ui-lib/src/lib/components/QuantitySelector.js","statementMap":{"0":{"start":{"line":8,"column":32},"end":{"line":56,"column":1}},"1":{"start":{"line":9,"column":44},"end":{"line":9,"column":57}},"2":{"start":{"line":11,"column":22},"end":{"line":17,"column":3}},"3":{"start":{"line":12,"column":4},"end":{"line":16,"column":5}},"4":{"start":{"line":13,"column":6},"end":{"line":13,"column":18}},"5":{"start":{"line":14,"column":11},"end":{"line":16,"column":5}},"6":{"start":{"line":15,"column":6},"end":{"line":15,"column":18}},"7":{"start":{"line":19,"column":2},"end":{"line":21,"column":29}},"8":{"start":{"line":20,"column":4},"end":{"line":20,"column":25}},"9":{"start":{"line":23,"column":2},"end":{"line":55,"column":4}},"10":{"start":{"line":58,"column":0},"end":{"line":61,"column":2}}},"fnMap":{"0":{"name":"(anonymous_0)","decl":{"start":{"line":8,"column":32},"end":{"line":8,"column":33}},"loc":{"start":{"line":8,"column":60},"end":{"line":56,"column":1}},"line":8},"1":{"name":"(anonymous_1)","decl":{"start":{"line":11,"column":22},"end":{"line":11,"column":23}},"loc":{"start":{"line":11,"column":34},"end":{"line":17,"column":3}},"line":11},"2":{"name":"(anonymous_2)","decl":{"start":{"line":19,"column":12},"end":{"line":19,"column":13}},"loc":{"start":{"line":19,"column":18},"end":{"line":21,"column":3}},"line":19}},"branchMap":{"0":{"loc":{"start":{"line":12,"column":4},"end":{"line":16,"column":5}},"type":"if","locations":[{"start":{"line":12,"column":4},"end":{"line":16,"column":5}},{"start":{"line":14,"column":11},"end":{"line":16,"column":5}}],"line":12},"1":{"loc":{"start":{"line":12,"column":8},"end":{"line":12,"column":37}},"type":"binary-expr","locations":[{"start":{"line":12,"column":8},"end":{"line":12,"column":22}},{"start":{"line":12,"column":26},"end":{"line":12,"column":37}}],"line":12},"2":{"loc":{"start":{"line":14,"column":11},"end":{"line":16,"column":5}},"type":"if","locations":[{"start":{"line":14,"column":11},"end":{"line":16,"column":5}},{"start":{},"end":{}}],"line":14},"3":{"loc":{"start":{"line":14,"column":15},"end":{"line":14,"column":48}},"type":"binary-expr","locations":[{"start":{"line":14,"column":15},"end":{"line":14,"column":29}},{"start":{"line":14,"column":33},"end":{"line":14,"column":48}}],"line":14},"4":{"loc":{"start":{"line":47,"column":7},"end":{"line":53,"column":7}},"type":"cond-expr","locations":[{"start":{"line":48,"column":8},"end":{"line":50,"column":12}},{"start":{"line":52,"column":8},"end":{"line":52,"column":10}}],"line":47}},"s":{"0":1,"1":14,"2":14,"3":9,"4":1,"5":8,"6":8,"7":14,"8":14,"9":14,"10":1},"f":{"0":14,"1":9,"2":14},"b":{"0":[1,8],"1":[9,1],"2":[8,0],"3":[8,8],"4":[0,14]},"_coverageSchema":"1a1c01bbd47fc00a2c39e90264f33305004495a9","hash":"4f9a3166f291e63d35c0d1011a954fea225bddaf"}
,"/Users/anartz/Documents/Reactjs/react-shop-ui-lib/src/lib/components/Rating.js": {"path":"/Users/anartz/Documents/Reactjs/react-shop-ui-lib/src/lib/components/Rating.js","statementMap":{"0":{"start":{"line":6,"column":22},"end":{"line":28,"column":1}},"1":{"start":{"line":7,"column":46},"end":{"line":7,"column":58}},"2":{"start":{"line":9,"column":2},"end":{"line":11,"column":24}},"3":{"start":{"line":10,"column":4},"end":{"line":10,"column":43}},"4":{"start":{"line":12,"column":2},"end":{"line":27,"column":4}},"5":{"start":{"line":16,"column":10},"end":{"line":21,"column":15}},"6":{"start":{"line":30,"column":0},"end":{"line":33,"column":2}}},"fnMap":{"0":{"name":"(anonymous_0)","decl":{"start":{"line":6,"column":22},"end":{"line":6,"column":23}},"loc":{"start":{"line":6,"column":47},"end":{"line":28,"column":1}},"line":6},"1":{"name":"(anonymous_1)","decl":{"start":{"line":9,"column":12},"end":{"line":9,"column":13}},"loc":{"start":{"line":9,"column":18},"end":{"line":11,"column":3}},"line":9},"2":{"name":"(anonymous_2)","decl":{"start":{"line":15,"column":28},"end":{"line":15,"column":29}},"loc":{"start":{"line":16,"column":10},"end":{"line":21,"column":15}},"line":16}},"branchMap":{"0":{"loc":{"start":{"line":19,"column":14},"end":{"line":19,"column":60}},"type":"cond-expr","locations":[{"start":{"line":19,"column":46},"end":{"line":19,"column":55}},{"start":{"line":19,"column":58},"end":{"line":19,"column":60}}],"line":19}},"s":{"0":3,"1":2,"2":2,"3":1,"4":2,"5":5,"6":3},"f":{"0":2,"1":1,"2":5},"b":{"0":[4,1]},"_coverageSchema":"1a1c01bbd47fc00a2c39e90264f33305004495a9","hash":"64c85d296771c140c4d75f1c4979c089e924bcce"}
,"/Users/anartz/Documents/Reactjs/react-shop-ui-lib/src/lib/constants/currencies.js": {"path":"/Users/anartz/Documents/Reactjs/react-shop-ui-lib/src/lib/constants/currencies.js","statementMap":{"0":{"start":{"line":1,"column":29},"end":{"line":11,"column":1}},"1":{"start":{"line":13,"column":33},"end":{"line":23,"column":1}}},"fnMap":{},"branchMap":{},"s":{"0":2,"1":2},"f":{},"b":{},"_coverageSchema":"1a1c01bbd47fc00a2c39e90264f33305004495a9","hash":"d7f28d038bcc984681e5d6aa42cec903301e6793"}
,"/Users/anartz/Documents/Reactjs/react-shop-ui-lib/src/lib/hooks/useCounter.js": {"path":"/Users/anartz/Documents/Reactjs/react-shop-ui-lib/src/lib/hooks/useCounter.js","statementMap":{"0":{"start":{"line":3,"column":26},"end":{"line":18,"column":1}},"1":{"start":{"line":4,"column":32},"end":{"line":4,"column":54}},"2":{"start":{"line":6,"column":20},"end":{"line":6,"column":49}},"3":{"start":{"line":6,"column":26},"end":{"line":6,"column":49}},"4":{"start":{"line":8,"column":20},"end":{"line":8,"column":49}},"5":{"start":{"line":8,"column":26},"end":{"line":8,"column":49}},"6":{"start":{"line":10,"column":16},"end":{"line":10,"column":46}},"7":{"start":{"line":10,"column":22},"end":{"line":10,"column":46}},"8":{"start":{"line":12,"column":2},"end":{"line":17,"column":4}}},"fnMap":{"0":{"name":"(anonymous_0)","decl":{"start":{"line":3,"column":26},"end":{"line":3,"column":27}},"loc":{"start":{"line":3,"column":49},"end":{"line":18,"column":1}},"line":3},"1":{"name":"(anonymous_1)","decl":{"start":{"line":6,"column":20},"end":{"line":6,"column":21}},"loc":{"start":{"line":6,"column":26},"end":{"line":6,"column":49}},"line":6},"2":{"name":"(anonymous_2)","decl":{"start":{"line":8,"column":20},"end":{"line":8,"column":21}},"loc":{"start":{"line":8,"column":26},"end":{"line":8,"column":49}},"line":8},"3":{"name":"(anonymous_3)","decl":{"start":{"line":10,"column":16},"end":{"line":10,"column":17}},"loc":{"start":{"line":10,"column":22},"end":{"line":10,"column":46}},"line":10}},"branchMap":{"0":{"loc":{"start":{"line":3,"column":27},"end":{"line":3,"column":44}},"type":"default-arg","locations":[{"start":{"line":3,"column":42},"end":{"line":3,"column":44}}],"line":3}},"s":{"0":2,"1":22,"2":22,"3":10,"4":22,"5":2,"6":22,"7":1,"8":22},"f":{"0":22,"1":10,"2":2,"3":1},"b":{"0":[0]},"_coverageSchema":"1a1c01bbd47fc00a2c39e90264f33305004495a9","hash":"9b66ffce13ce4844266b39a12fc3dfdccf7985da"}
}
