TN:
SF:src/lib/components/Button.js
FN:3,(anonymous_0)
FN:7,(anonymous_1)
FNF:2
FNH:2
FNDA:31,(anonymous_0)
FNDA:13,(anonymous_1)
DA:3,5
DA:4,31
DA:7,13
DA:15,5
LF:4
LH:4
BRF:0
BRH:0
end_of_record
TN:
SF:src/lib/components/Carousel.js
FN:3,(anonymous_0)
FN:12,(anonymous_1)
FN:25,(anonymous_2)
FNF:3
FNH:3
FNDA:2,(anonymous_0)
FNDA:6,(anonymous_1)
FNDA:6,(anonymous_2)
DA:3,1
DA:4,2
DA:13,6
DA:26,6
LF:4
LH:4
BRDA:14,0,0,4
BRDA:14,0,1,2
BRDA:18,1,0,2
BRDA:18,1,1,4
BRDA:27,2,0,4
BRDA:27,2,1,2
BRDA:28,3,0,2
BRDA:28,3,1,4
BRF:8
BRH:8
end_of_record
TN:
SF:src/lib/components/Cart.js
FN:7,(anonymous_0)
FN:41,(anonymous_1)
FN:68,(anonymous_2)
FN:89,(anonymous_3)
FNF:4
FNH:2
FNDA:4,(anonymous_0)
FNDA:12,(anonymous_1)
FNDA:0,(anonymous_2)
FNDA:0,(anonymous_3)
DA:7,1
DA:15,4
DA:17,4
DA:19,4
DA:42,12
DA:68,0
DA:89,0
DA:96,1
LF:8
LH:6
BRDA:21,0,0,1
BRDA:21,0,1,3
BRDA:21,1,0,4
BRDA:21,1,1,4
BRF:4
BRH:4
end_of_record
TN:
SF:src/lib/components/CartItem.js
FN:5,(anonymous_0)
FN:16,(anonymous_1)
FN:35,(anonymous_2)
FN:49,(anonymous_3)
FNF:4
FNH:0
FNDA:0,(anonymous_0)
FNDA:0,(anonymous_1)
FNDA:0,(anonymous_2)
FNDA:0,(anonymous_3)
DA:5,1
DA:12,0
DA:13,0
DA:16,0
DA:36,0
DA:37,0
DA:38,0
DA:49,0
DA:60,1
LF:9
LH:2
BRF:0
BRH:0
end_of_record
TN:
SF:src/lib/components/ProductItem.js
FN:7,(anonymous_0)
FNF:1
FNH:1
FNDA:14,(anonymous_0)
DA:7,2
DA:15,14
DA:64,2
LF:3
LH:3
BRDA:17,0,0,14
BRDA:17,0,1,0
BRDA:32,1,0,5
BRDA:32,1,1,9
BRF:4
BRH:3
end_of_record
TN:
SF:src/lib/components/ProductItemGroup.js
FN:5,(anonymous_0)
FN:17,(anonymous_1)
FNF:2
FNH:2
FNDA:2,(anonymous_0)
FNDA:4,(anonymous_1)
DA:5,1
DA:13,2
DA:18,4
DA:35,1
LF:4
LH:4
BRF:0
BRH:0
end_of_record
TN:
SF:src/lib/components/QuantitySelector.js
FN:8,(anonymous_0)
FN:11,(anonymous_1)
FN:19,(anonymous_2)
FNF:3
FNH:3
FNDA:14,(anonymous_0)
FNDA:9,(anonymous_1)
FNDA:14,(anonymous_2)
DA:8,2
DA:9,14
DA:11,14
DA:12,9
DA:13,1
DA:14,8
DA:15,8
DA:19,14
DA:20,14
DA:23,14
DA:58,2
LF:11
LH:11
BRDA:8,0,0,14
BRDA:12,1,0,1
BRDA:12,1,1,8
BRDA:12,2,0,9
BRDA:12,2,1,1
BRDA:14,3,0,8
BRDA:14,3,1,0
BRDA:14,4,0,8
BRDA:14,4,1,8
BRDA:47,5,0,0
BRDA:47,5,1,14
BRF:11
BRH:9
end_of_record
TN:
SF:src/lib/components/Rating.js
FN:6,(anonymous_0)
FN:9,(anonymous_1)
FN:15,(anonymous_2)
FNF:3
FNH:3
FNDA:2,(anonymous_0)
FNDA:1,(anonymous_1)
FNDA:5,(anonymous_2)
DA:6,3
DA:7,2
DA:9,2
DA:10,1
DA:12,2
DA:16,5
DA:30,3
LF:7
LH:7
BRDA:19,0,0,4
BRDA:19,0,1,1
BRF:2
BRH:2
end_of_record
TN:
SF:src/lib/constants/currencies.js
FNF:0
FNH:0
DA:1,3
DA:13,3
LF:2
LH:2
BRF:0
BRH:0
end_of_record
TN:
SF:src/lib/constants/shopping-cart.js
FNF:0
FNH:0
DA:1,2
DA:24,2
LF:2
LH:2
BRF:0
BRH:0
end_of_record
TN:
SF:src/lib/hooks/useCart.js
FN:4,(anonymous_0)
FN:14,(anonymous_1)
FN:18,(anonymous_2)
FN:24,(anonymous_3)
FN:24,(anonymous_4)
FN:25,(anonymous_5)
FN:27,(anonymous_6)
FN:38,(anonymous_7)
FN:42,(anonymous_8)
FN:52,(anonymous_9)
FN:87,(anonymous_10)
FN:94,(anonymous_11)
FN:99,(anonymous_12)
FNF:13
FNH:11
FNDA:43,(anonymous_0)
FNDA:25,(anonymous_1)
FNDA:221,(anonymous_2)
FNDA:0,(anonymous_3)
FNDA:0,(anonymous_4)
FNDA:13,(anonymous_5)
FNDA:90,(anonymous_6)
FNDA:12,(anonymous_7)
FNDA:78,(anonymous_8)
FNDA:4,(anonymous_9)
FNDA:1,(anonymous_10)
FNDA:1,(anonymous_11)
FNDA:6,(anonymous_12)
DA:4,2
DA:5,43
DA:8,43
DA:11,43
DA:12,43
DA:14,43
DA:15,25
DA:16,25
DA:17,25
DA:18,221
DA:20,25
DA:24,43
DA:25,43
DA:26,13
DA:27,90
DA:29,13
DA:30,13
DA:31,1
DA:32,1
DA:34,12
DA:35,12
DA:38,43
DA:39,12
DA:41,12
DA:42,78
DA:44,12
DA:45,12
DA:47,12
DA:48,12
DA:52,43
DA:54,4
DA:55,4
DA:56,4
DA:58,4
DA:59,1
DA:60,1
DA:62,3
DA:63,3
DA:65,14
DA:66,2
DA:67,2
DA:68,1
DA:70,1
DA:72,1
DA:74,2
DA:75,2
DA:79,3
DA:80,3
DA:81,1
DA:84,4
DA:87,43
DA:88,1
DA:89,1
DA:90,1
DA:91,1
DA:94,43
DA:95,1
DA:96,1
DA:99,43
DA:100,6
DA:101,6
DA:102,6
DA:103,6
DA:106,43
LF:64
LH:64
BRDA:9,0,0,39
BRDA:9,0,1,4
BRDA:11,1,0,43
BRDA:11,1,1,0
BRDA:12,2,0,39
BRDA:12,2,1,4
BRDA:15,3,0,25
BRDA:15,3,1,0
BRDA:30,4,0,1
BRDA:30,4,1,12
BRDA:39,5,0,12
BRDA:39,5,1,0
BRDA:39,6,0,12
BRDA:39,6,1,12
BRDA:58,7,0,1
BRDA:58,7,1,3
BRDA:65,8,0,2
BRDA:65,8,1,12
BRDA:67,9,0,1
BRDA:67,9,1,1
BRDA:80,10,0,1
BRDA:80,10,1,2
BRDA:87,11,0,0
BRDA:101,12,0,0
BRDA:101,12,1,6
BRF:25
BRH:20
end_of_record
TN:
SF:src/lib/hooks/useCounter.js
FN:3,(anonymous_0)
FN:6,(anonymous_1)
FN:8,(anonymous_2)
FN:10,(anonymous_3)
FNF:4
FNH:4
FNDA:22,(anonymous_0)
FNDA:10,(anonymous_1)
FNDA:2,(anonymous_2)
FNDA:1,(anonymous_3)
DA:3,3
DA:4,22
DA:6,22
DA:8,22
DA:10,22
DA:12,22
LF:6
LH:6
BRDA:3,0,0,0
BRF:1
BRH:0
end_of_record
TN:
SF:src/tests/mocks/cart-data.js
FNF:0
FNH:0
DA:1,2
DA:126,2
DA:130,2
DA:153,2
LF:4
LH:4
BRF:0
BRH:0
end_of_record
