TN:
SF:src/lib/components/Button.js
FN:3,(anonymous_0)
FN:7,(anonymous_1)
FNF:2
FNH:2
FNDA:31,(anonymous_0)
FNDA:13,(anonymous_1)
DA:3,4
DA:4,31
DA:7,13
DA:15,4
LF:4
LH:4
BRF:0
BRH:0
end_of_record
TN:
SF:src/lib/components/Carousel.js
FN:4,(anonymous_0)
FN:13,(anonymous_1)
FN:26,(anonymous_2)
FNF:3
FNH:3
FNDA:2,(anonymous_0)
FNDA:6,(anonymous_1)
FNDA:6,(anonymous_2)
DA:4,1
DA:5,2
DA:14,6
DA:27,6
DA:65,1
LF:5
LH:5
BRDA:15,0,0,6
BRDA:15,0,1,0
BRDA:19,1,0,2
BRDA:19,1,1,4
BRDA:28,2,0,6
BRDA:28,2,1,0
BRDA:29,3,0,2
BRDA:29,3,1,4
BRF:8
BRH:6
end_of_record
TN:
SF:src/lib/components/ProductItem.js
FN:7,(anonymous_0)
FNF:1
FNH:1
FNDA:14,(anonymous_0)
DA:7,2
DA:15,14
DA:64,2
LF:3
LH:3
BRDA:17,0,0,14
BRDA:17,0,1,0
BRDA:32,1,0,5
BRDA:32,1,1,9
BRF:4
BRH:3
end_of_record
TN:
SF:src/lib/components/ProductItemGroup.js
FN:5,(anonymous_0)
FN:17,(anonymous_1)
FNF:2
FNH:2
FNDA:2,(anonymous_0)
FNDA:4,(anonymous_1)
DA:5,1
DA:13,2
DA:18,4
DA:35,1
LF:4
LH:4
BRF:0
BRH:0
end_of_record
TN:
SF:src/lib/components/QuantitySelector.js
FN:8,(anonymous_0)
FN:11,(anonymous_1)
FN:19,(anonymous_2)
FNF:3
FNH:3
FNDA:14,(anonymous_0)
FNDA:9,(anonymous_1)
FNDA:14,(anonymous_2)
DA:8,1
DA:9,14
DA:11,14
DA:12,9
DA:13,1
DA:14,8
DA:15,8
DA:19,14
DA:20,14
DA:23,14
DA:58,1
LF:11
LH:11
BRDA:12,0,0,1
BRDA:12,0,1,8
BRDA:12,1,0,9
BRDA:12,1,1,1
BRDA:14,2,0,8
BRDA:14,2,1,0
BRDA:14,3,0,8
BRDA:14,3,1,8
BRDA:47,4,0,0
BRDA:47,4,1,14
BRF:10
BRH:8
end_of_record
TN:
SF:src/lib/components/Rating.js
FN:6,(anonymous_0)
FN:9,(anonymous_1)
FN:15,(anonymous_2)
FNF:3
FNH:3
FNDA:2,(anonymous_0)
FNDA:1,(anonymous_1)
FNDA:5,(anonymous_2)
DA:6,3
DA:7,2
DA:9,2
DA:10,1
DA:12,2
DA:16,5
DA:30,3
LF:7
LH:7
BRDA:19,0,0,4
BRDA:19,0,1,1
BRF:2
BRH:2
end_of_record
TN:
SF:src/lib/constants/currencies.js
FNF:0
FNH:0
DA:1,2
DA:13,2
LF:2
LH:2
BRF:0
BRH:0
end_of_record
TN:
SF:src/lib/hooks/useCounter.js
FN:3,(anonymous_0)
FN:6,(anonymous_1)
FN:8,(anonymous_2)
FN:10,(anonymous_3)
FNF:4
FNH:4
FNDA:22,(anonymous_0)
FNDA:10,(anonymous_1)
FNDA:2,(anonymous_2)
FNDA:1,(anonymous_3)
DA:3,2
DA:4,22
DA:6,22
DA:8,22
DA:10,22
DA:12,22
LF:6
LH:6
BRDA:3,0,0,0
BRF:1
BRH:0
end_of_record
